<?xml version="1.0" encoding="UTF-8"?>
<!-- Generated by org.testng.reporters.JUnitReportReporter -->
<testsuite hostname="Lee.local" failures="0" tests="1" name="Framework.TestNGFiles2.data_driven_propertiesClass" time="0.002" errors="0" timestamp="10 Sep 2018 16:26:08 GMT" skipped="0">
  <testcase classname="Framework.TestNGFiles2.data_driven_propertiesClass" name="login" time="0.002"/>
</testsuite> <!-- Framework.TestNGFiles2.data_driven_propertiesClass -->
