<?xml version="1.0" encoding="UTF-8"?>
<!-- Generated by org.testng.reporters.JUnitReportReporter -->
<testsuite hostname="Lee.local" failures="0" tests="2" name="Framework.TestNGFiles2.testing_inheritance_selenium" time="21.612" errors="0" timestamp="10 Sep 2018 16:26:08 GMT" skipped="0">
  <testcase classname="Framework.TestNGFiles2.testing_inheritance_selenium" name="inheritance" time="13.723"/>
  <testcase classname="Framework.TestNGFiles2.testing_inheritance_selenium" name="testSelenium" time="7.889"/>
</testsuite> <!-- Framework.TestNGFiles2.testing_inheritance_selenium -->
