<?xml version="1.0" encoding="UTF-8"?>
<!-- Generated by org.testng.reporters.JUnitReportReporter -->
<testsuite hostname="Lee.local" failures="0" tests="1" name="Framework.TestNGFiles2.annotations1" time="0.001" errors="0" timestamp="10 Sep 2018 16:26:08 GMT" skipped="0">
  <testcase classname="Framework.TestNGFiles2.annotations1" name="test112" time="0.001"/>
</testsuite> <!-- Framework.TestNGFiles2.annotations1 -->
