<?xml version="1.0" encoding="UTF-8"?>
<!-- Generated by org.testng.reporters.JUnitReportReporter -->
<testsuite hostname="Lee.local" failures="0" tests="2" name="Framework.TestNGFiles2.annotations" time="0.011" errors="0" timestamp="10 Sep 2018 16:26:08 GMT" skipped="0">
  <testcase classname="Framework.TestNGFiles2.annotations" name="test2" time="0.006"/>
  <testcase classname="Framework.TestNGFiles2.annotations" name="test1" time="0.005"/>
</testsuite> <!-- Framework.TestNGFiles2.annotations -->
