<?xml version="1.0" encoding="UTF-8"?>
<!-- Generated by org.testng.reporters.JUnitReportReporter -->
<testsuite hostname="Lee.local" failures="0" tests="2" name="TestNGFiles2.annotations" time="0.002" errors="0" timestamp="8 Sep 2018 10:25:46 GMT">
  <testcase classname="TestNGFiles2.annotations" name="test2" time="0.000"/>
  <testcase classname="TestNGFiles2.annotations" name="test1" time="0.002"/>
</testsuite> <!-- TestNGFiles2.annotations -->
