<?xml version="1.0" encoding="UTF-8"?>
<!-- Generated by org.testng.reporters.JUnitReportReporter -->
<testsuite hostname="Lee.local" failures="0" tests="1" name="TestNGFiles2.annotations1" time="0.000" errors="0" timestamp="8 Sep 2018 10:25:46 GMT">
  <testcase classname="TestNGFiles2.annotations1" name="test112" time="0.000"/>
</testsuite> <!-- TestNGFiles2.annotations1 -->
