<?xml version="1.0" encoding="UTF-8"?>
<!-- Generated by org.testng.reporters.JUnitReportReporter -->
<testsuite hostname="Lee.local" failures="0" tests="2" name="TestNGFiles.annotations" time="0.016" errors="0" timestamp="06 Sep 2018 06:44:44 GMT" skipped="0">
  <testcase classname="TestNGFiles.annotations" name="test2" time="0.004"/>
  <testcase classname="TestNGFiles.annotations" name="test1" time="0.012"/>
</testsuite> <!-- TestNGFiles.annotations -->
