<?xml version="1.0" encoding="UTF-8"?>
<testsuite xmlns:xsi="http://www.w3.org/2001/XMLSchema-instance" xsi:noNamespaceSchemaLocation="https://maven.apache.org/surefire/maven-surefire-plugin/xsd/surefire-test-report.xsd" name="TestSuite" time="37.279" tests="7" errors="0" skipped="0" failures="0">
  <properties>
    <property name="gopherProxySet" value="false"/>
    <property name="awt.toolkit" value="sun.lwawt.macosx.LWCToolkit"/>
    <property name="java.specification.version" value="10"/>
    <property name="file.encoding.pkg" value="sun.io"/>
    <property name="sun.cpu.isalist" value=""/>
    <property name="sun.jnu.encoding" value="UTF-8"/>
    <property name="java.class.path" value="/Users/lee/eclipse-workspace/Framework/Training/target/test-classes:/Users/lee/eclipse-workspace/Framework/Training/target/classes:/Users/lee/.m2/repository/junit/junit/4.11/junit-4.11.jar:/Users/lee/.m2/repository/org/hamcrest/hamcrest-core/1.3/hamcrest-core-1.3.jar:/Users/lee/.m2/repository/org/testng/testng/6.14.3/testng-6.14.3.jar:/Users/lee/.m2/repository/com/beust/jcommander/1.72/jcommander-1.72.jar:/Users/lee/.m2/repository/org/apache-extras/beanshell/bsh/2.0b6/bsh-2.0b6.jar:/Users/lee/.m2/repository/org/seleniumhq/selenium/selenium-java/3.14.0/selenium-java-3.14.0.jar:/Users/lee/.m2/repository/org/seleniumhq/selenium/selenium-api/3.14.0/selenium-api-3.14.0.jar:/Users/lee/.m2/repository/org/seleniumhq/selenium/selenium-chrome-driver/3.14.0/selenium-chrome-driver-3.14.0.jar:/Users/lee/.m2/repository/org/seleniumhq/selenium/selenium-edge-driver/3.14.0/selenium-edge-driver-3.14.0.jar:/Users/lee/.m2/repository/org/seleniumhq/selenium/selenium-firefox-driver/3.14.0/selenium-firefox-driver-3.14.0.jar:/Users/lee/.m2/repository/org/seleniumhq/selenium/selenium-ie-driver/3.14.0/selenium-ie-driver-3.14.0.jar:/Users/lee/.m2/repository/org/seleniumhq/selenium/selenium-opera-driver/3.14.0/selenium-opera-driver-3.14.0.jar:/Users/lee/.m2/repository/org/seleniumhq/selenium/selenium-remote-driver/3.14.0/selenium-remote-driver-3.14.0.jar:/Users/lee/.m2/repository/org/seleniumhq/selenium/selenium-safari-driver/3.14.0/selenium-safari-driver-3.14.0.jar:/Users/lee/.m2/repository/org/seleniumhq/selenium/selenium-support/3.14.0/selenium-support-3.14.0.jar:/Users/lee/.m2/repository/net/bytebuddy/byte-buddy/1.8.15/byte-buddy-1.8.15.jar:/Users/lee/.m2/repository/org/apache/commons/commons-exec/1.3/commons-exec-1.3.jar:/Users/lee/.m2/repository/commons-codec/commons-codec/1.10/commons-codec-1.10.jar:/Users/lee/.m2/repository/commons-logging/commons-logging/1.2/commons-logging-1.2.jar:/Users/lee/.m2/repository/com/google/guava/guava/25.0-jre/guava-25.0-jre.jar:/Users/lee/.m2/repository/com/google/code/findbugs/jsr305/1.3.9/jsr305-1.3.9.jar:/Users/lee/.m2/repository/org/checkerframework/checker-compat-qual/2.0.0/checker-compat-qual-2.0.0.jar:/Users/lee/.m2/repository/com/google/errorprone/error_prone_annotations/2.1.3/error_prone_annotations-2.1.3.jar:/Users/lee/.m2/repository/com/google/j2objc/j2objc-annotations/1.1/j2objc-annotations-1.1.jar:/Users/lee/.m2/repository/org/codehaus/mojo/animal-sniffer-annotations/1.14/animal-sniffer-annotations-1.14.jar:/Users/lee/.m2/repository/org/apache/httpcomponents/httpclient/4.5.5/httpclient-4.5.5.jar:/Users/lee/.m2/repository/org/apache/httpcomponents/httpcore/4.4.9/httpcore-4.4.9.jar:/Users/lee/.m2/repository/com/squareup/okhttp3/okhttp/3.10.0/okhttp-3.10.0.jar:/Users/lee/.m2/repository/com/squareup/okio/okio/1.14.1/okio-1.14.1.jar:/Users/lee/.m2/repository/commons-io/commons-io/2.6/commons-io-2.6.jar:/Users/lee/.m2/repository/org/apache/maven/surefire/surefire-testng-utils/2.21.0/surefire-testng-utils-2.21.0.jar:/Users/lee/.m2/repository/org/apache/maven/surefire/surefire-grouper/2.21.0/surefire-grouper-2.21.0.jar:"/>
    <property name="java.vm.vendor" value="&quot;Oracle Corporation&quot;"/>
    <property name="sun.arch.data.model" value="64"/>
    <property name="java.vendor.url" value="http://java.oracle.com/"/>
    <property name="user.timezone" value=""/>
    <property name="java.vm.specification.version" value="10"/>
    <property name="os.name" value="Mac OS X"/>
    <property name="sun.java.launcher" value="SUN_STANDARD"/>
    <property name="user.country" value="IN"/>
    <property name="sun.boot.library.path" value="/Library/Java/JavaVirtualMachines/jdk-10.0.1.jdk/Contents/Home/lib"/>
    <property name="sun.java.command" value="/Users/lee/eclipse-workspace/Framework/Training/target/surefire/surefirebooter11332295638453731449.jar /Users/lee/eclipse-workspace/Framework/Training/target/surefire 2018-09-10T21-55-30_026-jvmRun1 surefire7031433726606806070tmp surefire_018300675784455551808tmp"/>
    <property name="http.nonProxyHosts" value="local|*.local|169.254/16|*.169.254/16"/>
    <property name="jdk.debug" value="release"/>
    <property name="surefire.test.class.path" value="/Users/lee/eclipse-workspace/Framework/Training/target/test-classes:/Users/lee/eclipse-workspace/Framework/Training/target/classes:/Users/lee/.m2/repository/junit/junit/4.11/junit-4.11.jar:/Users/lee/.m2/repository/org/hamcrest/hamcrest-core/1.3/hamcrest-core-1.3.jar:/Users/lee/.m2/repository/org/testng/testng/6.14.3/testng-6.14.3.jar:/Users/lee/.m2/repository/com/beust/jcommander/1.72/jcommander-1.72.jar:/Users/lee/.m2/repository/org/apache-extras/beanshell/bsh/2.0b6/bsh-2.0b6.jar:/Users/lee/.m2/repository/org/seleniumhq/selenium/selenium-java/3.14.0/selenium-java-3.14.0.jar:/Users/lee/.m2/repository/org/seleniumhq/selenium/selenium-api/3.14.0/selenium-api-3.14.0.jar:/Users/lee/.m2/repository/org/seleniumhq/selenium/selenium-chrome-driver/3.14.0/selenium-chrome-driver-3.14.0.jar:/Users/lee/.m2/repository/org/seleniumhq/selenium/selenium-edge-driver/3.14.0/selenium-edge-driver-3.14.0.jar:/Users/lee/.m2/repository/org/seleniumhq/selenium/selenium-firefox-driver/3.14.0/selenium-firefox-driver-3.14.0.jar:/Users/lee/.m2/repository/org/seleniumhq/selenium/selenium-ie-driver/3.14.0/selenium-ie-driver-3.14.0.jar:/Users/lee/.m2/repository/org/seleniumhq/selenium/selenium-opera-driver/3.14.0/selenium-opera-driver-3.14.0.jar:/Users/lee/.m2/repository/org/seleniumhq/selenium/selenium-remote-driver/3.14.0/selenium-remote-driver-3.14.0.jar:/Users/lee/.m2/repository/org/seleniumhq/selenium/selenium-safari-driver/3.14.0/selenium-safari-driver-3.14.0.jar:/Users/lee/.m2/repository/org/seleniumhq/selenium/selenium-support/3.14.0/selenium-support-3.14.0.jar:/Users/lee/.m2/repository/net/bytebuddy/byte-buddy/1.8.15/byte-buddy-1.8.15.jar:/Users/lee/.m2/repository/org/apache/commons/commons-exec/1.3/commons-exec-1.3.jar:/Users/lee/.m2/repository/commons-codec/commons-codec/1.10/commons-codec-1.10.jar:/Users/lee/.m2/repository/commons-logging/commons-logging/1.2/commons-logging-1.2.jar:/Users/lee/.m2/repository/com/google/guava/guava/25.0-jre/guava-25.0-jre.jar:/Users/lee/.m2/repository/com/google/code/findbugs/jsr305/1.3.9/jsr305-1.3.9.jar:/Users/lee/.m2/repository/org/checkerframework/checker-compat-qual/2.0.0/checker-compat-qual-2.0.0.jar:/Users/lee/.m2/repository/com/google/errorprone/error_prone_annotations/2.1.3/error_prone_annotations-2.1.3.jar:/Users/lee/.m2/repository/com/google/j2objc/j2objc-annotations/1.1/j2objc-annotations-1.1.jar:/Users/lee/.m2/repository/org/codehaus/mojo/animal-sniffer-annotations/1.14/animal-sniffer-annotations-1.14.jar:/Users/lee/.m2/repository/org/apache/httpcomponents/httpclient/4.5.5/httpclient-4.5.5.jar:/Users/lee/.m2/repository/org/apache/httpcomponents/httpcore/4.4.9/httpcore-4.4.9.jar:/Users/lee/.m2/repository/com/squareup/okhttp3/okhttp/3.10.0/okhttp-3.10.0.jar:/Users/lee/.m2/repository/com/squareup/okio/okio/1.14.1/okio-1.14.1.jar:/Users/lee/.m2/repository/commons-io/commons-io/2.6/commons-io-2.6.jar:/Users/lee/.m2/repository/org/apache/maven/surefire/surefire-testng-utils/2.21.0/surefire-testng-utils-2.21.0.jar:/Users/lee/.m2/repository/org/apache/maven/surefire/surefire-grouper/2.21.0/surefire-grouper-2.21.0.jar:"/>
    <property name="sun.cpu.endian" value="little"/>
    <property name="user.home" value="/Users/lee"/>
    <property name="user.language" value="en"/>
    <property name="java.specification.vendor" value="Oracle Corporation"/>
    <property name="java.version.date" value="2018-04-17"/>
    <property name="java.home" value="/Library/Java/JavaVirtualMachines/jdk-10.0.1.jdk/Contents/Home"/>
    <property name="file.separator" value="/"/>
    <property name="basedir" value="/Users/lee/eclipse-workspace/Framework/Training"/>
    <property name="java.vm.compressedOopsMode" value="Zero based"/>
    <property name="line.separator" value="&#10;"/>
    <property name="java.specification.name" value="Java Platform API Specification"/>
    <property name="java.vm.specification.vendor" value="Oracle Corporation"/>
    <property name="java.awt.graphicsenv" value="sun.awt.CGraphicsEnvironment"/>
    <property name="surefire.real.class.path" value="/Users/lee/eclipse-workspace/Framework/Training/target/surefire/surefirebooter11332295638453731449.jar"/>
    <property name="sun.management.compiler" value="HotSpot 64-Bit Tiered Compilers"/>
    <property name="ftp.nonProxyHosts" value="local|*.local|169.254/16|*.169.254/16"/>
    <property name="java.runtime.version" value="10.0.1+10"/>
    <property name="user.name" value="lee"/>
    <property name="path.separator" value=":"/>
    <property name="os.version" value="10.13.6"/>
    <property name="java.runtime.name" value="Java(TM) SE Runtime Environment"/>
    <property name="file.encoding" value="UTF-8"/>
    <property name="java.vm.name" value="Java HotSpot(TM) 64-Bit Server VM"/>
    <property name="java.vendor.version" value="18.3"/>
    <property name="localRepository" value="/Users/lee/.m2/repository"/>
    <property name="java.vendor.url.bug" value="http://bugreport.java.com/bugreport/"/>
    <property name="java.io.tmpdir" value="/var/folders/lw/0z_61hj17ls1zd8c5z8xlk880000gn/T/"/>
    <property name="java.version" value="10.0.1"/>
    <property name="user.dir" value="/Users/lee/eclipse-workspace/Framework/Training"/>
    <property name="os.arch" value="x86_64"/>
    <property name="java.vm.specification.name" value="Java Virtual Machine Specification"/>
    <property name="java.awt.printerjob" value="sun.lwawt.macosx.CPrinterJob"/>
    <property name="sun.os.patch.level" value="unknown"/>
    <property name="java.library.path" value="/Users/lee/Library/Java/Extensions:/Library/Java/Extensions:/Network/Library/Java/Extensions:/System/Library/Java/Extensions:/usr/lib/java:."/>
    <property name="java.vendor" value="Oracle Corporation"/>
    <property name="java.vm.info" value="mixed mode"/>
    <property name="java.vm.version" value="10.0.1+10"/>
    <property name="sun.io.unicode.encoding" value="UnicodeBig"/>
    <property name="java.class.version" value="54.0"/>
    <property name="socksNonProxyHosts" value="local|*.local|169.254/16|*.169.254/16"/>
  </properties>
  <testcase name="test1" classname="Framework.TestNGFiles2.annotations" time="0.004"/>
  <testcase name="test2" classname="Framework.TestNGFiles2.annotations" time="0"/>
  <testcase name="test112" classname="Framework.TestNGFiles2.annotations1" time="0.001"/>
  <testcase name="testSelenium" classname="Framework.TestNGFiles2.properties_selenium" time="14.557"/>
  <testcase name="login" classname="Framework.TestNGFiles2.data_driven_propertiesClass" time="0.004"/>
  <testcase name="testSelenium" classname="Framework.TestNGFiles2.testing_inheritance_selenium" time="7.89"/>
  <testcase name="inheritance" classname="Framework.TestNGFiles2.testing_inheritance_selenium" time="13.725"/>
</testsuite>